<?xml version="1.0" encoding="UTF-8"?>
<testsuite xmlns:xsi="http://www.w3.org/2001/XMLSchema-instance" xsi:noNamespaceSchemaLocation="https://maven.apache.org/surefire/maven-surefire-plugin/xsd/surefire-test-report-3.0.xsd" version="3.0" name="org.acme.TestAgeRestriction" time="15.772" tests="1" errors="0" skipped="0" failures="0">
  <properties>
    <property name="sun.desktop" value="gnome"/>
    <property name="awt.toolkit" value="sun.awt.X11.XToolkit"/>
    <property name="java.specification.version" value="11"/>
    <property name="sun.cpu.isalist" value=""/>
    <property name="sun.jnu.encoding" value="UTF-8"/>
    <property name="test.url" value="http://localhost:8081"/>
    <property name="java.class.path" value="/home/qxz4h3n/dev/tutorials/code/quarkus-testcontainer-ci/target/test-classes:/home/qxz4h3n/dev/tutorials/code/quarkus-testcontainer-ci/target/classes:/home/qxz4h3n/.m2/repository/io/quarkus/quarkus-smallrye-reactive-messaging-kafka/2.16.3.Final/quarkus-smallrye-reactive-messaging-kafka-2.16.3.Final.jar:/home/qxz4h3n/.m2/repository/io/quarkus/quarkus-kafka-client/2.16.3.Final/quarkus-kafka-client-2.16.3.Final.jar:/home/qxz4h3n/.m2/repository/io/quarkus/quarkus-caffeine/2.16.3.Final/quarkus-caffeine-2.16.3.Final.jar:/home/qxz4h3n/.m2/repository/com/github/ben-manes/caffeine/caffeine/3.1.1/caffeine-3.1.1.jar:/home/qxz4h3n/.m2/repository/com/google/errorprone/error_prone_annotations/2.17.0/error_prone_annotations-2.17.0.jar:/home/qxz4h3n/.m2/repository/io/quarkus/quarkus-vertx-http-dev-console-runtime-spi/2.16.3.Final/quarkus-vertx-http-dev-console-runtime-spi-2.16.3.Final.jar:/home/qxz4h3n/.m2/repository/io/vertx/vertx-web/4.3.7/vertx-web-4.3.7.jar:/home/qxz4h3n/.m2/repository/io/vertx/vertx-web-common/4.3.7/vertx-web-common-4.3.7.jar:/home/qxz4h3n/.m2/repository/io/vertx/vertx-auth-common/4.3.7/vertx-auth-common-4.3.7.jar:/home/qxz4h3n/.m2/repository/io/vertx/vertx-bridge-common/4.3.7/vertx-bridge-common-4.3.7.jar:/home/qxz4h3n/.m2/repository/io/smallrye/reactive/smallrye-reactive-messaging-kafka/3.22.1/smallrye-reactive-messaging-kafka-3.22.1.jar:/home/qxz4h3n/.m2/repository/io/smallrye/reactive/smallrye-reactive-messaging-kafka-api/3.22.1/smallrye-reactive-messaging-kafka-api-3.22.1.jar:/home/qxz4h3n/.m2/repository/io/opentelemetry/opentelemetry-api/1.21.0/opentelemetry-api-1.21.0.jar:/home/qxz4h3n/.m2/repository/io/opentelemetry/opentelemetry-context/1.21.0/opentelemetry-context-1.21.0.jar:/home/qxz4h3n/.m2/repository/io/opentelemetry/opentelemetry-semconv/1.21.0-alpha/opentelemetry-semconv-1.21.0-alpha.jar:/home/qxz4h3n/.m2/repository/org/jboss/logging/jboss-logging/3.5.0.Final/jboss-logging-3.5.0.Final.jar:/home/qxz4h3n/.m2/repository/io/smallrye/reactive/smallrye-reactive-converter-api/2.7.0/smallrye-reactive-converter-api-2.7.0.jar:/home/qxz4h3n/.m2/repository/org/reactivestreams/reactive-streams/1.0.3/reactive-streams-1.0.3.jar:/home/qxz4h3n/.m2/repository/io/smallrye/reactive/mutiny/1.9.0/mutiny-1.9.0.jar:/home/qxz4h3n/.m2/repository/io/quarkus/quarkus-jackson/2.16.3.Final/quarkus-jackson-2.16.3.Final.jar:/home/qxz4h3n/.m2/repository/com/fasterxml/jackson/core/jackson-databind/2.14.2/jackson-databind-2.14.2.jar:/home/qxz4h3n/.m2/repository/com/fasterxml/jackson/core/jackson-annotations/2.14.2/jackson-annotations-2.14.2.jar:/home/qxz4h3n/.m2/repository/com/fasterxml/jackson/core/jackson-core/2.14.2/jackson-core-2.14.2.jar:/home/qxz4h3n/.m2/repository/com/fasterxml/jackson/datatype/jackson-datatype-jsr310/2.14.2/jackson-datatype-jsr310-2.14.2.jar:/home/qxz4h3n/.m2/repository/com/fasterxml/jackson/datatype/jackson-datatype-jdk8/2.14.2/jackson-datatype-jdk8-2.14.2.jar:/home/qxz4h3n/.m2/repository/com/fasterxml/jackson/module/jackson-module-parameter-names/2.14.2/jackson-module-parameter-names-2.14.2.jar:/home/qxz4h3n/.m2/repository/org/apache/kafka/kafka-clients/3.3.2/kafka-clients-3.3.2.jar:/home/qxz4h3n/.m2/repository/com/github/luben/zstd-jni/1.5.2-1/zstd-jni-1.5.2-1.jar:/home/qxz4h3n/.m2/repository/org/lz4/lz4-java/1.8.0/lz4-java-1.8.0.jar:/home/qxz4h3n/.m2/repository/org/xerial/snappy/snappy-java/1.1.8.4/snappy-java-1.1.8.4.jar:/home/qxz4h3n/.m2/repository/org/slf4j/slf4j-api/1.7.36/slf4j-api-1.7.36.jar:/home/qxz4h3n/.m2/repository/io/vertx/vertx-kafka-client/4.3.7/vertx-kafka-client-4.3.7.jar:/home/qxz4h3n/.m2/repository/io/vertx/vertx-core/4.3.7/vertx-core-4.3.7.jar:/home/qxz4h3n/.m2/repository/io/netty/netty-common/4.1.86.Final/netty-common-4.1.86.Final.jar:/home/qxz4h3n/.m2/repository/io/netty/netty-buffer/4.1.86.Final/netty-buffer-4.1.86.Final.jar:/home/qxz4h3n/.m2/repository/io/netty/netty-transport/4.1.86.Final/netty-transport-4.1.86.Final.jar:/home/qxz4h3n/.m2/repository/io/netty/netty-handler/4.1.86.Final/netty-handler-4.1.86.Final.jar:/home/qxz4h3n/.m2/repository/io/netty/netty-transport-native-unix-common/4.1.86.Final/netty-transport-native-unix-common-4.1.86.Final.jar:/home/qxz4h3n/.m2/repository/io/netty/netty-codec/4.1.86.Final/netty-codec-4.1.86.Final.jar:/home/qxz4h3n/.m2/repository/io/netty/netty-handler-proxy/4.1.86.Final/netty-handler-proxy-4.1.86.Final.jar:/home/qxz4h3n/.m2/repository/io/netty/netty-codec-socks/4.1.86.Final/netty-codec-socks-4.1.86.Final.jar:/home/qxz4h3n/.m2/repository/io/netty/netty-codec-http/4.1.86.Final/netty-codec-http-4.1.86.Final.jar:/home/qxz4h3n/.m2/repository/io/netty/netty-codec-http2/4.1.86.Final/netty-codec-http2-4.1.86.Final.jar:/home/qxz4h3n/.m2/repository/io/netty/netty-resolver/4.1.86.Final/netty-resolver-4.1.86.Final.jar:/home/qxz4h3n/.m2/repository/io/netty/netty-resolver-dns/4.1.86.Final/netty-resolver-dns-4.1.86.Final.jar:/home/qxz4h3n/.m2/repository/io/netty/netty-codec-dns/4.1.86.Final/netty-codec-dns-4.1.86.Final.jar:/home/qxz4h3n/.m2/repository/io/quarkus/quarkus-smallrye-reactive-messaging/2.16.3.Final/quarkus-smallrye-reactive-messaging-2.16.3.Final.jar:/home/qxz4h3n/.m2/repository/io/quarkus/quarkus-mutiny-reactive-streams-operators/2.16.3.Final/quarkus-mutiny-reactive-streams-operators-2.16.3.Final.jar:/home/qxz4h3n/.m2/repository/org/eclipse/microprofile/reactive-streams-operators/microprofile-reactive-streams-operators-api/1.0.1/microprofile-reactive-streams-operators-api-1.0.1.jar:/home/qxz4h3n/.m2/repository/org/eclipse/microprofile/reactive-streams-operators/microprofile-reactive-streams-operators-core/1.0.1/microprofile-reactive-streams-operators-core-1.0.1.jar:/home/qxz4h3n/.m2/repository/io/quarkus/quarkus-mutiny/2.16.3.Final/quarkus-mutiny-2.16.3.Final.jar:/home/qxz4h3n/.m2/repository/io/smallrye/reactive/mutiny-reactive-streams-operators/1.9.0/mutiny-reactive-streams-operators-1.9.0.jar:/home/qxz4h3n/.m2/repository/io/smallrye/reactive/mutiny-smallrye-context-propagation/1.9.0/mutiny-smallrye-context-propagation-1.9.0.jar:/home/qxz4h3n/.m2/repository/io/smallrye/smallrye-context-propagation/1.2.2/smallrye-context-propagation-1.2.2.jar:/home/qxz4h3n/.m2/repository/io/smallrye/smallrye-context-propagation-api/1.2.2/smallrye-context-propagation-api-1.2.2.jar:/home/qxz4h3n/.m2/repository/io/smallrye/smallrye-context-propagation-storage/1.2.2/smallrye-context-propagation-storage-1.2.2.jar:/home/qxz4h3n/.m2/repository/io/quarkus/quarkus-smallrye-context-propagation/2.16.3.Final/quarkus-smallrye-context-propagation-2.16.3.Final.jar:/home/qxz4h3n/.m2/repository/io/quarkus/quarkus-smallrye-reactive-messaging-kotlin/2.16.3.Final/quarkus-smallrye-reactive-messaging-kotlin-2.16.3.Final.jar:/home/qxz4h3n/.m2/repository/io/quarkus/quarkus-vertx/2.16.3.Final/quarkus-vertx-2.16.3.Final.jar:/home/qxz4h3n/.m2/repository/io/quarkus/quarkus-netty/2.16.3.Final/quarkus-netty-2.16.3.Final.jar:/home/qxz4h3n/.m2/repository/com/aayushatharva/brotli4j/brotli4j/1.8.0/brotli4j-1.8.0.jar:/home/qxz4h3n/.m2/repository/com/aayushatharva/brotli4j/native-linux-x86_64/1.8.0/native-linux-x86_64-1.8.0.jar:/home/qxz4h3n/.m2/repository/io/netty/netty-codec-haproxy/4.1.86.Final/netty-codec-haproxy-4.1.86.Final.jar:/home/qxz4h3n/.m2/repository/io/quarkus/quarkus-vertx-latebound-mdc-provider/2.16.3.Final/quarkus-vertx-latebound-mdc-provider-2.16.3.Final.jar:/home/qxz4h3n/.m2/repository/io/smallrye/smallrye-fault-tolerance-vertx/5.6.0/smallrye-fault-tolerance-vertx-5.6.0.jar:/home/qxz4h3n/.m2/repository/io/smallrye/common/smallrye-common-annotation/1.13.2/smallrye-common-annotation-1.13.2.jar:/home/qxz4h3n/.m2/repository/io/smallrye/reactive/smallrye-reactive-messaging-health/3.22.1/smallrye-reactive-messaging-health-3.22.1.jar:/home/qxz4h3n/.m2/repository/org/eclipse/microprofile/health/microprofile-health-api/3.1/microprofile-health-api-3.1.jar:/home/qxz4h3n/.m2/repository/io/smallrye/reactive/smallrye-reactive-messaging-provider/3.22.1/smallrye-reactive-messaging-provider-3.22.1.jar:/home/qxz4h3n/.m2/repository/io/smallrye/reactive/smallrye-reactive-messaging-api/3.22.1/smallrye-reactive-messaging-api-3.22.1.jar:/home/qxz4h3n/.m2/repository/io/smallrye/common/smallrye-common-vertx-context/1.13.2/smallrye-common-vertx-context-1.13.2.jar:/home/qxz4h3n/.m2/repository/io/smallrye/common/smallrye-common-constraint/1.13.2/smallrye-common-constraint-1.13.2.jar:/home/qxz4h3n/.m2/repository/io/smallrye/reactive/smallrye-mutiny-vertx-core/2.30.1/smallrye-mutiny-vertx-core-2.30.1.jar:/home/qxz4h3n/.m2/repository/io/smallrye/reactive/smallrye-mutiny-vertx-runtime/2.30.1/smallrye-mutiny-vertx-runtime-2.30.1.jar:/home/qxz4h3n/.m2/repository/io/smallrye/reactive/vertx-mutiny-generator/2.30.1/vertx-mutiny-generator-2.30.1.jar:/home/qxz4h3n/.m2/repository/io/vertx/vertx-codegen/4.3.7/vertx-codegen-4.3.7.jar:/home/qxz4h3n/.m2/repository/jakarta/annotation/jakarta.annotation-api/1.3.5/jakarta.annotation-api-1.3.5.jar:/home/qxz4h3n/.m2/repository/io/quarkus/quarkus-arc/2.16.3.Final/quarkus-arc-2.16.3.Final.jar:/home/qxz4h3n/.m2/repository/io/quarkus/arc/arc/2.16.3.Final/arc-2.16.3.Final.jar:/home/qxz4h3n/.m2/repository/jakarta/enterprise/jakarta.enterprise.cdi-api/2.0.2/jakarta.enterprise.cdi-api-2.0.2.jar:/home/qxz4h3n/.m2/repository/jakarta/el/jakarta.el-api/3.0.3/jakarta.el-api-3.0.3.jar:/home/qxz4h3n/.m2/repository/jakarta/interceptor/jakarta.interceptor-api/1.2.5/jakarta.interceptor-api-1.2.5.jar:/home/qxz4h3n/.m2/repository/jakarta/transaction/jakarta.transaction-api/1.3.3/jakarta.transaction-api-1.3.3.jar:/home/qxz4h3n/.m2/repository/io/quarkus/quarkus-core/2.16.3.Final/quarkus-core-2.16.3.Final.jar:/home/qxz4h3n/.m2/repository/jakarta/inject/jakarta.inject-api/1.0/jakarta.inject-api-1.0.jar:/home/qxz4h3n/.m2/repository/io/quarkus/quarkus-ide-launcher/2.16.3.Final/quarkus-ide-launcher-2.16.3.Final.jar:/home/qxz4h3n/.m2/repository/io/quarkus/quarkus-development-mode-spi/2.16.3.Final/quarkus-development-mode-spi-2.16.3.Final.jar:/home/qxz4h3n/.m2/repository/io/smallrye/config/smallrye-config/2.13.2/smallrye-config-2.13.2.jar:/home/qxz4h3n/.m2/repository/io/smallrye/config/smallrye-config-core/2.13.2/smallrye-config-core-2.13.2.jar:/home/qxz4h3n/.m2/repository/org/eclipse/microprofile/config/microprofile-config-api/2.0.1/microprofile-config-api-2.0.1.jar:/home/qxz4h3n/.m2/repository/io/smallrye/common/smallrye-common-expression/1.13.2/smallrye-common-expression-1.13.2.jar:/home/qxz4h3n/.m2/repository/io/smallrye/common/smallrye-common-function/1.13.2/smallrye-common-function-1.13.2.jar:/home/qxz4h3n/.m2/repository/io/smallrye/common/smallrye-common-classloader/1.13.2/smallrye-common-classloader-1.13.2.jar:/home/qxz4h3n/.m2/repository/io/smallrye/config/smallrye-config-common/2.13.2/smallrye-config-common-2.13.2.jar:/home/qxz4h3n/.m2/repository/org/jboss/logmanager/jboss-logmanager-embedded/1.0.11/jboss-logmanager-embedded-1.0.11.jar:/home/qxz4h3n/.m2/repository/org/jboss/logging/jboss-logging-annotations/2.2.1.Final/jboss-logging-annotations-2.2.1.Final.jar:/home/qxz4h3n/.m2/repository/org/jboss/threads/jboss-threads/3.4.3.Final/jboss-threads-3.4.3.Final.jar:/home/qxz4h3n/.m2/repository/org/jboss/slf4j/slf4j-jboss-logmanager/1.2.0.Final/slf4j-jboss-logmanager-1.2.0.Final.jar:/home/qxz4h3n/.m2/repository/org/graalvm/sdk/graal-sdk/22.3.0/graal-sdk-22.3.0.jar:/home/qxz4h3n/.m2/repository/org/wildfly/common/wildfly-common/1.5.4.Final-format-001/wildfly-common-1.5.4.Final-format-001.jar:/home/qxz4h3n/.m2/repository/io/quarkus/quarkus-bootstrap-runner/2.16.3.Final/quarkus-bootstrap-runner-2.16.3.Final.jar:/home/qxz4h3n/.m2/repository/io/github/crac/org-crac/0.1.3/org-crac-0.1.3.jar:/home/qxz4h3n/.m2/repository/io/quarkus/quarkus-fs-util/0.0.9/quarkus-fs-util-0.0.9.jar:/home/qxz4h3n/.m2/repository/org/eclipse/microprofile/context-propagation/microprofile-context-propagation-api/1.2/microprofile-context-propagation-api-1.2.jar:/home/qxz4h3n/.m2/repository/org/testcontainers/redpanda/1.18.0/redpanda-1.18.0.jar:/home/qxz4h3n/.m2/repository/org/testcontainers/testcontainers/1.17.6/testcontainers-1.17.6.jar:/home/qxz4h3n/.m2/repository/junit/junit/4.13.2/junit-4.13.2.jar:/home/qxz4h3n/.m2/repository/org/apache/commons/commons-compress/1.22/commons-compress-1.22.jar:/home/qxz4h3n/.m2/repository/org/rnorth/duct-tape/duct-tape/1.0.8/duct-tape-1.0.8.jar:/home/qxz4h3n/.m2/repository/org/jetbrains/annotations/17.0.0/annotations-17.0.0.jar:/home/qxz4h3n/.m2/repository/com/github/docker-java/docker-java-api/3.2.13/docker-java-api-3.2.13.jar:/home/qxz4h3n/.m2/repository/com/github/docker-java/docker-java-transport-zerodep/3.2.13/docker-java-transport-zerodep-3.2.13.jar:/home/qxz4h3n/.m2/repository/com/github/docker-java/docker-java-transport/3.2.13/docker-java-transport-3.2.13.jar:/home/qxz4h3n/.m2/repository/net/java/dev/jna/jna/5.8.0/jna-5.8.0.jar:/home/qxz4h3n/.m2/repository/org/testcontainers/junit-jupiter/1.17.6/junit-jupiter-1.17.6.jar:/home/qxz4h3n/.m2/repository/org/junit/jupiter/junit-jupiter-api/5.9.2/junit-jupiter-api-5.9.2.jar:/home/qxz4h3n/.m2/repository/org/opentest4j/opentest4j/1.2.0/opentest4j-1.2.0.jar:/home/qxz4h3n/.m2/repository/org/junit/platform/junit-platform-commons/1.9.2/junit-platform-commons-1.9.2.jar:/home/qxz4h3n/.m2/repository/org/apiguardian/apiguardian-api/1.1.2/apiguardian-api-1.1.2.jar:/home/qxz4h3n/.m2/repository/io/quarkus/quarkus-junit5/2.16.3.Final/quarkus-junit5-2.16.3.Final.jar:/home/qxz4h3n/.m2/repository/io/quarkus/quarkus-bootstrap-core/2.16.3.Final/quarkus-bootstrap-core-2.16.3.Final.jar:/home/qxz4h3n/.m2/repository/io/quarkus/quarkus-bootstrap-app-model/2.16.3.Final/quarkus-bootstrap-app-model-2.16.3.Final.jar:/home/qxz4h3n/.m2/repository/io/smallrye/common/smallrye-common-io/1.13.2/smallrye-common-io-1.13.2.jar:/home/qxz4h3n/.m2/repository/org/eclipse/sisu/org.eclipse.sisu.inject/0.3.5/org.eclipse.sisu.inject-0.3.5.jar:/home/qxz4h3n/.m2/repository/io/quarkus/quarkus-junit5-properties/2.16.3.Final/quarkus-junit5-properties-2.16.3.Final.jar:/home/qxz4h3n/.m2/repository/org/junit/jupiter/junit-jupiter/5.9.2/junit-jupiter-5.9.2.jar:/home/qxz4h3n/.m2/repository/org/junit/jupiter/junit-jupiter-params/5.9.2/junit-jupiter-params-5.9.2.jar:/home/qxz4h3n/.m2/repository/org/junit/jupiter/junit-jupiter-engine/5.9.2/junit-jupiter-engine-5.9.2.jar:/home/qxz4h3n/.m2/repository/org/junit/platform/junit-platform-engine/1.9.2/junit-platform-engine-1.9.2.jar:/home/qxz4h3n/.m2/repository/com/thoughtworks/xstream/xstream/1.4.20/xstream-1.4.20.jar:/home/qxz4h3n/.m2/repository/io/github/x-stream/mxparser/1.2.2/mxparser-1.2.2.jar:/home/qxz4h3n/.m2/repository/xmlpull/xmlpull/1.1.3.1/xmlpull-1.1.3.1.jar:/home/qxz4h3n/.m2/repository/io/quarkus/quarkus-test-common/2.16.3.Final/quarkus-test-common-2.16.3.Final.jar:/home/qxz4h3n/.m2/repository/io/quarkus/quarkus-core-deployment/2.16.3.Final/quarkus-core-deployment-2.16.3.Final.jar:/home/qxz4h3n/.m2/repository/org/aesh/readline/2.2/readline-2.2.jar:/home/qxz4h3n/.m2/repository/org/fusesource/jansi/jansi/1.18/jansi-1.18.jar:/home/qxz4h3n/.m2/repository/org/aesh/aesh/2.7/aesh-2.7.jar:/home/qxz4h3n/.m2/repository/org/apache/commons/commons-lang3/3.12.0/commons-lang3-3.12.0.jar:/home/qxz4h3n/.m2/repository/io/quarkus/gizmo/gizmo/1.6.0.Final/gizmo-1.6.0.Final.jar:/home/qxz4h3n/.m2/repository/org/ow2/asm/asm-util/9.4/asm-util-9.4.jar:/home/qxz4h3n/.m2/repository/org/ow2/asm/asm-analysis/9.4/asm-analysis-9.4.jar:/home/qxz4h3n/.m2/repository/org/ow2/asm/asm/9.4/asm-9.4.jar:/home/qxz4h3n/.m2/repository/org/ow2/asm/asm-commons/9.4/asm-commons-9.4.jar:/home/qxz4h3n/.m2/repository/org/ow2/asm/asm-tree/9.4/asm-tree-9.4.jar:/home/qxz4h3n/.m2/repository/io/quarkus/quarkus-class-change-agent/2.16.3.Final/quarkus-class-change-agent-2.16.3.Final.jar:/home/qxz4h3n/.m2/repository/io/quarkus/quarkus-devtools-utilities/2.16.3.Final/quarkus-devtools-utilities-2.16.3.Final.jar:/home/qxz4h3n/.m2/repository/io/quarkus/quarkus-builder/2.16.3.Final/quarkus-builder-2.16.3.Final.jar:/home/qxz4h3n/.m2/repository/org/junit/platform/junit-platform-launcher/1.9.2/junit-platform-launcher-1.9.2.jar:/home/qxz4h3n/.m2/repository/io/quarkus/quarkus-bootstrap-maven-resolver/2.16.3.Final/quarkus-bootstrap-maven-resolver-2.16.3.Final.jar:/home/qxz4h3n/.m2/repository/org/apache/maven/maven-embedder/3.8.6/maven-embedder-3.8.6.jar:/home/qxz4h3n/.m2/repository/org/apache/maven/maven-settings/3.8.6/maven-settings-3.8.6.jar:/home/qxz4h3n/.m2/repository/org/apache/maven/maven-core/3.8.6/maven-core-3.8.6.jar:/home/qxz4h3n/.m2/repository/org/apache/maven/maven-artifact/3.8.6/maven-artifact-3.8.6.jar:/home/qxz4h3n/.m2/repository/org/codehaus/plexus/plexus-component-annotations/2.1.0/plexus-component-annotations-2.1.0.jar:/home/qxz4h3n/.m2/repository/org/apache/maven/maven-plugin-api/3.8.6/maven-plugin-api-3.8.6.jar:/home/qxz4h3n/.m2/repository/org/apache/maven/maven-model/3.8.6/maven-model-3.8.6.jar:/home/qxz4h3n/.m2/repository/org/apache/maven/maven-model-builder/3.8.6/maven-model-builder-3.8.6.jar:/home/qxz4h3n/.m2/repository/org/apache/maven/maven-builder-support/3.8.6/maven-builder-support-3.8.6.jar:/home/qxz4h3n/.m2/repository/org/apache/maven/resolver/maven-resolver-api/1.6.3/maven-resolver-api-1.6.3.jar:/home/qxz4h3n/.m2/repository/org/apache/maven/resolver/maven-resolver-util/1.6.3/maven-resolver-util-1.6.3.jar:/home/qxz4h3n/.m2/repository/org/apache/maven/shared/maven-shared-utils/3.3.4/maven-shared-utils-3.3.4.jar:/home/qxz4h3n/.m2/repository/commons-io/commons-io/2.11.0/commons-io-2.11.0.jar:/home/qxz4h3n/.m2/repository/com/google/inject/guice/4.2.2/guice-4.2.2-no_aop.jar:/home/qxz4h3n/.m2/repository/com/google/guava/guava/31.1-jre/guava-31.1-jre.jar:/home/qxz4h3n/.m2/repository/com/google/guava/failureaccess/1.0.1/failureaccess-1.0.1.jar:/home/qxz4h3n/.m2/repository/org/codehaus/plexus/plexus-classworlds/2.6.0/plexus-classworlds-2.6.0.jar:/home/qxz4h3n/.m2/repository/org/codehaus/plexus/plexus-sec-dispatcher/2.0/plexus-sec-dispatcher-2.0.jar:/home/qxz4h3n/.m2/repository/org/codehaus/plexus/plexus-cipher/2.0/plexus-cipher-2.0.jar:/home/qxz4h3n/.m2/repository/commons-cli/commons-cli/1.4/commons-cli-1.4.jar:/home/qxz4h3n/.m2/repository/org/eclipse/sisu/org.eclipse.sisu.plexus/0.3.5/org.eclipse.sisu.plexus-0.3.5.jar:/home/qxz4h3n/.m2/repository/org/apache/maven/maven-settings-builder/3.8.6/maven-settings-builder-3.8.6.jar:/home/qxz4h3n/.m2/repository/org/codehaus/plexus/plexus-interpolation/1.26/plexus-interpolation-1.26.jar:/home/qxz4h3n/.m2/repository/org/apache/maven/maven-resolver-provider/3.8.6/maven-resolver-provider-3.8.6.jar:/home/qxz4h3n/.m2/repository/org/apache/maven/maven-repository-metadata/3.8.6/maven-repository-metadata-3.8.6.jar:/home/qxz4h3n/.m2/repository/org/apache/maven/resolver/maven-resolver-spi/1.6.3/maven-resolver-spi-1.6.3.jar:/home/qxz4h3n/.m2/repository/org/apache/maven/resolver/maven-resolver-impl/1.6.3/maven-resolver-impl-1.6.3.jar:/home/qxz4h3n/.m2/repository/org/codehaus/plexus/plexus-utils/3.3.0/plexus-utils-3.3.0.jar:/home/qxz4h3n/.m2/repository/org/apache/maven/resolver/maven-resolver-connector-basic/1.6.3/maven-resolver-connector-basic-1.6.3.jar:/home/qxz4h3n/.m2/repository/org/apache/maven/resolver/maven-resolver-transport-wagon/1.6.3/maven-resolver-transport-wagon-1.6.3.jar:/home/qxz4h3n/.m2/repository/org/apache/maven/wagon/wagon-http/3.5.1/wagon-http-3.5.1.jar:/home/qxz4h3n/.m2/repository/org/apache/maven/wagon/wagon-http-shared/3.5.1/wagon-http-shared-3.5.1.jar:/home/qxz4h3n/.m2/repository/org/apache/httpcomponents/httpclient/4.5.14/httpclient-4.5.14.jar:/home/qxz4h3n/.m2/repository/commons-codec/commons-codec/1.15/commons-codec-1.15.jar:/home/qxz4h3n/.m2/repository/org/apache/httpcomponents/httpcore/4.4.16/httpcore-4.4.16.jar:/home/qxz4h3n/.m2/repository/org/apache/maven/wagon/wagon-provider-api/3.5.1/wagon-provider-api-3.5.1.jar:/home/qxz4h3n/.m2/repository/org/apache/maven/wagon/wagon-file/3.5.1/wagon-file-3.5.1.jar:/home/qxz4h3n/.m2/repository/io/quarkus/quarkus-bootstrap-gradle-resolver/2.16.3.Final/quarkus-bootstrap-gradle-resolver-2.16.3.Final.jar:/home/qxz4h3n/.m2/repository/io/smallrye/jandex/3.0.5/jandex-3.0.5.jar:/home/qxz4h3n/.m2/repository/org/jboss/logging/commons-logging-jboss-logging/1.0.0.Final/commons-logging-jboss-logging-1.0.0.Final.jar:"/>
    <property name="java.vm.vendor" value="Azul Systems, Inc."/>
    <property name="sun.arch.data.model" value="64"/>
    <property name="java.vendor.url" value="http://www.azul.com/"/>
    <property name="user.timezone" value="Africa/Johannesburg"/>
    <property name="logging.initial-configurator.min-level" value="500"/>
    <property name="java.vm.specification.version" value="11"/>
    <property name="os.name" value="Linux"/>
    <property name="sun.java.launcher" value="SUN_STANDARD"/>
    <property name="user.country" value="ZA"/>
    <property name="sun.boot.library.path" value="/home/qxz4h3n/dev/zulu11.68.17-ca-jdk11.0.21-linux_x64/lib"/>
    <property name="sun.java.command" value="/home/qxz4h3n/dev/tutorials/code/quarkus-testcontainer-ci/target/surefire/surefirebooter-20231110144925348_3.jar /home/qxz4h3n/dev/tutorials/code/quarkus-testcontainer-ci/target/surefire 2023-11-10T14-49-25_157-jvmRun1 surefire-20231110144925348_1tmp surefire_0-20231110144925348_2tmp"/>
    <property name="jdk.debug" value="release"/>
    <property name="maven.home" value="/usr/share/maven"/>
    <property name="surefire.test.class.path" value="/home/qxz4h3n/dev/tutorials/code/quarkus-testcontainer-ci/target/test-classes:/home/qxz4h3n/dev/tutorials/code/quarkus-testcontainer-ci/target/classes:/home/qxz4h3n/.m2/repository/io/quarkus/quarkus-smallrye-reactive-messaging-kafka/2.16.3.Final/quarkus-smallrye-reactive-messaging-kafka-2.16.3.Final.jar:/home/qxz4h3n/.m2/repository/io/quarkus/quarkus-kafka-client/2.16.3.Final/quarkus-kafka-client-2.16.3.Final.jar:/home/qxz4h3n/.m2/repository/io/quarkus/quarkus-caffeine/2.16.3.Final/quarkus-caffeine-2.16.3.Final.jar:/home/qxz4h3n/.m2/repository/com/github/ben-manes/caffeine/caffeine/3.1.1/caffeine-3.1.1.jar:/home/qxz4h3n/.m2/repository/com/google/errorprone/error_prone_annotations/2.17.0/error_prone_annotations-2.17.0.jar:/home/qxz4h3n/.m2/repository/io/quarkus/quarkus-vertx-http-dev-console-runtime-spi/2.16.3.Final/quarkus-vertx-http-dev-console-runtime-spi-2.16.3.Final.jar:/home/qxz4h3n/.m2/repository/io/vertx/vertx-web/4.3.7/vertx-web-4.3.7.jar:/home/qxz4h3n/.m2/repository/io/vertx/vertx-web-common/4.3.7/vertx-web-common-4.3.7.jar:/home/qxz4h3n/.m2/repository/io/vertx/vertx-auth-common/4.3.7/vertx-auth-common-4.3.7.jar:/home/qxz4h3n/.m2/repository/io/vertx/vertx-bridge-common/4.3.7/vertx-bridge-common-4.3.7.jar:/home/qxz4h3n/.m2/repository/io/smallrye/reactive/smallrye-reactive-messaging-kafka/3.22.1/smallrye-reactive-messaging-kafka-3.22.1.jar:/home/qxz4h3n/.m2/repository/io/smallrye/reactive/smallrye-reactive-messaging-kafka-api/3.22.1/smallrye-reactive-messaging-kafka-api-3.22.1.jar:/home/qxz4h3n/.m2/repository/io/opentelemetry/opentelemetry-api/1.21.0/opentelemetry-api-1.21.0.jar:/home/qxz4h3n/.m2/repository/io/opentelemetry/opentelemetry-context/1.21.0/opentelemetry-context-1.21.0.jar:/home/qxz4h3n/.m2/repository/io/opentelemetry/opentelemetry-semconv/1.21.0-alpha/opentelemetry-semconv-1.21.0-alpha.jar:/home/qxz4h3n/.m2/repository/org/jboss/logging/jboss-logging/3.5.0.Final/jboss-logging-3.5.0.Final.jar:/home/qxz4h3n/.m2/repository/io/smallrye/reactive/smallrye-reactive-converter-api/2.7.0/smallrye-reactive-converter-api-2.7.0.jar:/home/qxz4h3n/.m2/repository/org/reactivestreams/reactive-streams/1.0.3/reactive-streams-1.0.3.jar:/home/qxz4h3n/.m2/repository/io/smallrye/reactive/mutiny/1.9.0/mutiny-1.9.0.jar:/home/qxz4h3n/.m2/repository/io/quarkus/quarkus-jackson/2.16.3.Final/quarkus-jackson-2.16.3.Final.jar:/home/qxz4h3n/.m2/repository/com/fasterxml/jackson/core/jackson-databind/2.14.2/jackson-databind-2.14.2.jar:/home/qxz4h3n/.m2/repository/com/fasterxml/jackson/core/jackson-annotations/2.14.2/jackson-annotations-2.14.2.jar:/home/qxz4h3n/.m2/repository/com/fasterxml/jackson/core/jackson-core/2.14.2/jackson-core-2.14.2.jar:/home/qxz4h3n/.m2/repository/com/fasterxml/jackson/datatype/jackson-datatype-jsr310/2.14.2/jackson-datatype-jsr310-2.14.2.jar:/home/qxz4h3n/.m2/repository/com/fasterxml/jackson/datatype/jackson-datatype-jdk8/2.14.2/jackson-datatype-jdk8-2.14.2.jar:/home/qxz4h3n/.m2/repository/com/fasterxml/jackson/module/jackson-module-parameter-names/2.14.2/jackson-module-parameter-names-2.14.2.jar:/home/qxz4h3n/.m2/repository/org/apache/kafka/kafka-clients/3.3.2/kafka-clients-3.3.2.jar:/home/qxz4h3n/.m2/repository/com/github/luben/zstd-jni/1.5.2-1/zstd-jni-1.5.2-1.jar:/home/qxz4h3n/.m2/repository/org/lz4/lz4-java/1.8.0/lz4-java-1.8.0.jar:/home/qxz4h3n/.m2/repository/org/xerial/snappy/snappy-java/1.1.8.4/snappy-java-1.1.8.4.jar:/home/qxz4h3n/.m2/repository/org/slf4j/slf4j-api/1.7.36/slf4j-api-1.7.36.jar:/home/qxz4h3n/.m2/repository/io/vertx/vertx-kafka-client/4.3.7/vertx-kafka-client-4.3.7.jar:/home/qxz4h3n/.m2/repository/io/vertx/vertx-core/4.3.7/vertx-core-4.3.7.jar:/home/qxz4h3n/.m2/repository/io/netty/netty-common/4.1.86.Final/netty-common-4.1.86.Final.jar:/home/qxz4h3n/.m2/repository/io/netty/netty-buffer/4.1.86.Final/netty-buffer-4.1.86.Final.jar:/home/qxz4h3n/.m2/repository/io/netty/netty-transport/4.1.86.Final/netty-transport-4.1.86.Final.jar:/home/qxz4h3n/.m2/repository/io/netty/netty-handler/4.1.86.Final/netty-handler-4.1.86.Final.jar:/home/qxz4h3n/.m2/repository/io/netty/netty-transport-native-unix-common/4.1.86.Final/netty-transport-native-unix-common-4.1.86.Final.jar:/home/qxz4h3n/.m2/repository/io/netty/netty-codec/4.1.86.Final/netty-codec-4.1.86.Final.jar:/home/qxz4h3n/.m2/repository/io/netty/netty-handler-proxy/4.1.86.Final/netty-handler-proxy-4.1.86.Final.jar:/home/qxz4h3n/.m2/repository/io/netty/netty-codec-socks/4.1.86.Final/netty-codec-socks-4.1.86.Final.jar:/home/qxz4h3n/.m2/repository/io/netty/netty-codec-http/4.1.86.Final/netty-codec-http-4.1.86.Final.jar:/home/qxz4h3n/.m2/repository/io/netty/netty-codec-http2/4.1.86.Final/netty-codec-http2-4.1.86.Final.jar:/home/qxz4h3n/.m2/repository/io/netty/netty-resolver/4.1.86.Final/netty-resolver-4.1.86.Final.jar:/home/qxz4h3n/.m2/repository/io/netty/netty-resolver-dns/4.1.86.Final/netty-resolver-dns-4.1.86.Final.jar:/home/qxz4h3n/.m2/repository/io/netty/netty-codec-dns/4.1.86.Final/netty-codec-dns-4.1.86.Final.jar:/home/qxz4h3n/.m2/repository/io/quarkus/quarkus-smallrye-reactive-messaging/2.16.3.Final/quarkus-smallrye-reactive-messaging-2.16.3.Final.jar:/home/qxz4h3n/.m2/repository/io/quarkus/quarkus-mutiny-reactive-streams-operators/2.16.3.Final/quarkus-mutiny-reactive-streams-operators-2.16.3.Final.jar:/home/qxz4h3n/.m2/repository/org/eclipse/microprofile/reactive-streams-operators/microprofile-reactive-streams-operators-api/1.0.1/microprofile-reactive-streams-operators-api-1.0.1.jar:/home/qxz4h3n/.m2/repository/org/eclipse/microprofile/reactive-streams-operators/microprofile-reactive-streams-operators-core/1.0.1/microprofile-reactive-streams-operators-core-1.0.1.jar:/home/qxz4h3n/.m2/repository/io/quarkus/quarkus-mutiny/2.16.3.Final/quarkus-mutiny-2.16.3.Final.jar:/home/qxz4h3n/.m2/repository/io/smallrye/reactive/mutiny-reactive-streams-operators/1.9.0/mutiny-reactive-streams-operators-1.9.0.jar:/home/qxz4h3n/.m2/repository/io/smallrye/reactive/mutiny-smallrye-context-propagation/1.9.0/mutiny-smallrye-context-propagation-1.9.0.jar:/home/qxz4h3n/.m2/repository/io/smallrye/smallrye-context-propagation/1.2.2/smallrye-context-propagation-1.2.2.jar:/home/qxz4h3n/.m2/repository/io/smallrye/smallrye-context-propagation-api/1.2.2/smallrye-context-propagation-api-1.2.2.jar:/home/qxz4h3n/.m2/repository/io/smallrye/smallrye-context-propagation-storage/1.2.2/smallrye-context-propagation-storage-1.2.2.jar:/home/qxz4h3n/.m2/repository/io/quarkus/quarkus-smallrye-context-propagation/2.16.3.Final/quarkus-smallrye-context-propagation-2.16.3.Final.jar:/home/qxz4h3n/.m2/repository/io/quarkus/quarkus-smallrye-reactive-messaging-kotlin/2.16.3.Final/quarkus-smallrye-reactive-messaging-kotlin-2.16.3.Final.jar:/home/qxz4h3n/.m2/repository/io/quarkus/quarkus-vertx/2.16.3.Final/quarkus-vertx-2.16.3.Final.jar:/home/qxz4h3n/.m2/repository/io/quarkus/quarkus-netty/2.16.3.Final/quarkus-netty-2.16.3.Final.jar:/home/qxz4h3n/.m2/repository/com/aayushatharva/brotli4j/brotli4j/1.8.0/brotli4j-1.8.0.jar:/home/qxz4h3n/.m2/repository/com/aayushatharva/brotli4j/native-linux-x86_64/1.8.0/native-linux-x86_64-1.8.0.jar:/home/qxz4h3n/.m2/repository/io/netty/netty-codec-haproxy/4.1.86.Final/netty-codec-haproxy-4.1.86.Final.jar:/home/qxz4h3n/.m2/repository/io/quarkus/quarkus-vertx-latebound-mdc-provider/2.16.3.Final/quarkus-vertx-latebound-mdc-provider-2.16.3.Final.jar:/home/qxz4h3n/.m2/repository/io/smallrye/smallrye-fault-tolerance-vertx/5.6.0/smallrye-fault-tolerance-vertx-5.6.0.jar:/home/qxz4h3n/.m2/repository/io/smallrye/common/smallrye-common-annotation/1.13.2/smallrye-common-annotation-1.13.2.jar:/home/qxz4h3n/.m2/repository/io/smallrye/reactive/smallrye-reactive-messaging-health/3.22.1/smallrye-reactive-messaging-health-3.22.1.jar:/home/qxz4h3n/.m2/repository/org/eclipse/microprofile/health/microprofile-health-api/3.1/microprofile-health-api-3.1.jar:/home/qxz4h3n/.m2/repository/io/smallrye/reactive/smallrye-reactive-messaging-provider/3.22.1/smallrye-reactive-messaging-provider-3.22.1.jar:/home/qxz4h3n/.m2/repository/io/smallrye/reactive/smallrye-reactive-messaging-api/3.22.1/smallrye-reactive-messaging-api-3.22.1.jar:/home/qxz4h3n/.m2/repository/io/smallrye/common/smallrye-common-vertx-context/1.13.2/smallrye-common-vertx-context-1.13.2.jar:/home/qxz4h3n/.m2/repository/io/smallrye/common/smallrye-common-constraint/1.13.2/smallrye-common-constraint-1.13.2.jar:/home/qxz4h3n/.m2/repository/io/smallrye/reactive/smallrye-mutiny-vertx-core/2.30.1/smallrye-mutiny-vertx-core-2.30.1.jar:/home/qxz4h3n/.m2/repository/io/smallrye/reactive/smallrye-mutiny-vertx-runtime/2.30.1/smallrye-mutiny-vertx-runtime-2.30.1.jar:/home/qxz4h3n/.m2/repository/io/smallrye/reactive/vertx-mutiny-generator/2.30.1/vertx-mutiny-generator-2.30.1.jar:/home/qxz4h3n/.m2/repository/io/vertx/vertx-codegen/4.3.7/vertx-codegen-4.3.7.jar:/home/qxz4h3n/.m2/repository/jakarta/annotation/jakarta.annotation-api/1.3.5/jakarta.annotation-api-1.3.5.jar:/home/qxz4h3n/.m2/repository/io/quarkus/quarkus-arc/2.16.3.Final/quarkus-arc-2.16.3.Final.jar:/home/qxz4h3n/.m2/repository/io/quarkus/arc/arc/2.16.3.Final/arc-2.16.3.Final.jar:/home/qxz4h3n/.m2/repository/jakarta/enterprise/jakarta.enterprise.cdi-api/2.0.2/jakarta.enterprise.cdi-api-2.0.2.jar:/home/qxz4h3n/.m2/repository/jakarta/el/jakarta.el-api/3.0.3/jakarta.el-api-3.0.3.jar:/home/qxz4h3n/.m2/repository/jakarta/interceptor/jakarta.interceptor-api/1.2.5/jakarta.interceptor-api-1.2.5.jar:/home/qxz4h3n/.m2/repository/jakarta/transaction/jakarta.transaction-api/1.3.3/jakarta.transaction-api-1.3.3.jar:/home/qxz4h3n/.m2/repository/io/quarkus/quarkus-core/2.16.3.Final/quarkus-core-2.16.3.Final.jar:/home/qxz4h3n/.m2/repository/jakarta/inject/jakarta.inject-api/1.0/jakarta.inject-api-1.0.jar:/home/qxz4h3n/.m2/repository/io/quarkus/quarkus-ide-launcher/2.16.3.Final/quarkus-ide-launcher-2.16.3.Final.jar:/home/qxz4h3n/.m2/repository/io/quarkus/quarkus-development-mode-spi/2.16.3.Final/quarkus-development-mode-spi-2.16.3.Final.jar:/home/qxz4h3n/.m2/repository/io/smallrye/config/smallrye-config/2.13.2/smallrye-config-2.13.2.jar:/home/qxz4h3n/.m2/repository/io/smallrye/config/smallrye-config-core/2.13.2/smallrye-config-core-2.13.2.jar:/home/qxz4h3n/.m2/repository/org/eclipse/microprofile/config/microprofile-config-api/2.0.1/microprofile-config-api-2.0.1.jar:/home/qxz4h3n/.m2/repository/io/smallrye/common/smallrye-common-expression/1.13.2/smallrye-common-expression-1.13.2.jar:/home/qxz4h3n/.m2/repository/io/smallrye/common/smallrye-common-function/1.13.2/smallrye-common-function-1.13.2.jar:/home/qxz4h3n/.m2/repository/io/smallrye/common/smallrye-common-classloader/1.13.2/smallrye-common-classloader-1.13.2.jar:/home/qxz4h3n/.m2/repository/io/smallrye/config/smallrye-config-common/2.13.2/smallrye-config-common-2.13.2.jar:/home/qxz4h3n/.m2/repository/org/jboss/logmanager/jboss-logmanager-embedded/1.0.11/jboss-logmanager-embedded-1.0.11.jar:/home/qxz4h3n/.m2/repository/org/jboss/logging/jboss-logging-annotations/2.2.1.Final/jboss-logging-annotations-2.2.1.Final.jar:/home/qxz4h3n/.m2/repository/org/jboss/threads/jboss-threads/3.4.3.Final/jboss-threads-3.4.3.Final.jar:/home/qxz4h3n/.m2/repository/org/jboss/slf4j/slf4j-jboss-logmanager/1.2.0.Final/slf4j-jboss-logmanager-1.2.0.Final.jar:/home/qxz4h3n/.m2/repository/org/graalvm/sdk/graal-sdk/22.3.0/graal-sdk-22.3.0.jar:/home/qxz4h3n/.m2/repository/org/wildfly/common/wildfly-common/1.5.4.Final-format-001/wildfly-common-1.5.4.Final-format-001.jar:/home/qxz4h3n/.m2/repository/io/quarkus/quarkus-bootstrap-runner/2.16.3.Final/quarkus-bootstrap-runner-2.16.3.Final.jar:/home/qxz4h3n/.m2/repository/io/github/crac/org-crac/0.1.3/org-crac-0.1.3.jar:/home/qxz4h3n/.m2/repository/io/quarkus/quarkus-fs-util/0.0.9/quarkus-fs-util-0.0.9.jar:/home/qxz4h3n/.m2/repository/org/eclipse/microprofile/context-propagation/microprofile-context-propagation-api/1.2/microprofile-context-propagation-api-1.2.jar:/home/qxz4h3n/.m2/repository/org/testcontainers/redpanda/1.18.0/redpanda-1.18.0.jar:/home/qxz4h3n/.m2/repository/org/testcontainers/testcontainers/1.17.6/testcontainers-1.17.6.jar:/home/qxz4h3n/.m2/repository/junit/junit/4.13.2/junit-4.13.2.jar:/home/qxz4h3n/.m2/repository/org/apache/commons/commons-compress/1.22/commons-compress-1.22.jar:/home/qxz4h3n/.m2/repository/org/rnorth/duct-tape/duct-tape/1.0.8/duct-tape-1.0.8.jar:/home/qxz4h3n/.m2/repository/org/jetbrains/annotations/17.0.0/annotations-17.0.0.jar:/home/qxz4h3n/.m2/repository/com/github/docker-java/docker-java-api/3.2.13/docker-java-api-3.2.13.jar:/home/qxz4h3n/.m2/repository/com/github/docker-java/docker-java-transport-zerodep/3.2.13/docker-java-transport-zerodep-3.2.13.jar:/home/qxz4h3n/.m2/repository/com/github/docker-java/docker-java-transport/3.2.13/docker-java-transport-3.2.13.jar:/home/qxz4h3n/.m2/repository/net/java/dev/jna/jna/5.8.0/jna-5.8.0.jar:/home/qxz4h3n/.m2/repository/org/testcontainers/junit-jupiter/1.17.6/junit-jupiter-1.17.6.jar:/home/qxz4h3n/.m2/repository/org/junit/jupiter/junit-jupiter-api/5.9.2/junit-jupiter-api-5.9.2.jar:/home/qxz4h3n/.m2/repository/org/opentest4j/opentest4j/1.2.0/opentest4j-1.2.0.jar:/home/qxz4h3n/.m2/repository/org/junit/platform/junit-platform-commons/1.9.2/junit-platform-commons-1.9.2.jar:/home/qxz4h3n/.m2/repository/org/apiguardian/apiguardian-api/1.1.2/apiguardian-api-1.1.2.jar:/home/qxz4h3n/.m2/repository/io/quarkus/quarkus-junit5/2.16.3.Final/quarkus-junit5-2.16.3.Final.jar:/home/qxz4h3n/.m2/repository/io/quarkus/quarkus-bootstrap-core/2.16.3.Final/quarkus-bootstrap-core-2.16.3.Final.jar:/home/qxz4h3n/.m2/repository/io/quarkus/quarkus-bootstrap-app-model/2.16.3.Final/quarkus-bootstrap-app-model-2.16.3.Final.jar:/home/qxz4h3n/.m2/repository/io/smallrye/common/smallrye-common-io/1.13.2/smallrye-common-io-1.13.2.jar:/home/qxz4h3n/.m2/repository/org/eclipse/sisu/org.eclipse.sisu.inject/0.3.5/org.eclipse.sisu.inject-0.3.5.jar:/home/qxz4h3n/.m2/repository/io/quarkus/quarkus-junit5-properties/2.16.3.Final/quarkus-junit5-properties-2.16.3.Final.jar:/home/qxz4h3n/.m2/repository/org/junit/jupiter/junit-jupiter/5.9.2/junit-jupiter-5.9.2.jar:/home/qxz4h3n/.m2/repository/org/junit/jupiter/junit-jupiter-params/5.9.2/junit-jupiter-params-5.9.2.jar:/home/qxz4h3n/.m2/repository/org/junit/jupiter/junit-jupiter-engine/5.9.2/junit-jupiter-engine-5.9.2.jar:/home/qxz4h3n/.m2/repository/org/junit/platform/junit-platform-engine/1.9.2/junit-platform-engine-1.9.2.jar:/home/qxz4h3n/.m2/repository/com/thoughtworks/xstream/xstream/1.4.20/xstream-1.4.20.jar:/home/qxz4h3n/.m2/repository/io/github/x-stream/mxparser/1.2.2/mxparser-1.2.2.jar:/home/qxz4h3n/.m2/repository/xmlpull/xmlpull/1.1.3.1/xmlpull-1.1.3.1.jar:/home/qxz4h3n/.m2/repository/io/quarkus/quarkus-test-common/2.16.3.Final/quarkus-test-common-2.16.3.Final.jar:/home/qxz4h3n/.m2/repository/io/quarkus/quarkus-core-deployment/2.16.3.Final/quarkus-core-deployment-2.16.3.Final.jar:/home/qxz4h3n/.m2/repository/org/aesh/readline/2.2/readline-2.2.jar:/home/qxz4h3n/.m2/repository/org/fusesource/jansi/jansi/1.18/jansi-1.18.jar:/home/qxz4h3n/.m2/repository/org/aesh/aesh/2.7/aesh-2.7.jar:/home/qxz4h3n/.m2/repository/org/apache/commons/commons-lang3/3.12.0/commons-lang3-3.12.0.jar:/home/qxz4h3n/.m2/repository/io/quarkus/gizmo/gizmo/1.6.0.Final/gizmo-1.6.0.Final.jar:/home/qxz4h3n/.m2/repository/org/ow2/asm/asm-util/9.4/asm-util-9.4.jar:/home/qxz4h3n/.m2/repository/org/ow2/asm/asm-analysis/9.4/asm-analysis-9.4.jar:/home/qxz4h3n/.m2/repository/org/ow2/asm/asm/9.4/asm-9.4.jar:/home/qxz4h3n/.m2/repository/org/ow2/asm/asm-commons/9.4/asm-commons-9.4.jar:/home/qxz4h3n/.m2/repository/org/ow2/asm/asm-tree/9.4/asm-tree-9.4.jar:/home/qxz4h3n/.m2/repository/io/quarkus/quarkus-class-change-agent/2.16.3.Final/quarkus-class-change-agent-2.16.3.Final.jar:/home/qxz4h3n/.m2/repository/io/quarkus/quarkus-devtools-utilities/2.16.3.Final/quarkus-devtools-utilities-2.16.3.Final.jar:/home/qxz4h3n/.m2/repository/io/quarkus/quarkus-builder/2.16.3.Final/quarkus-builder-2.16.3.Final.jar:/home/qxz4h3n/.m2/repository/org/junit/platform/junit-platform-launcher/1.9.2/junit-platform-launcher-1.9.2.jar:/home/qxz4h3n/.m2/repository/io/quarkus/quarkus-bootstrap-maven-resolver/2.16.3.Final/quarkus-bootstrap-maven-resolver-2.16.3.Final.jar:/home/qxz4h3n/.m2/repository/org/apache/maven/maven-embedder/3.8.6/maven-embedder-3.8.6.jar:/home/qxz4h3n/.m2/repository/org/apache/maven/maven-settings/3.8.6/maven-settings-3.8.6.jar:/home/qxz4h3n/.m2/repository/org/apache/maven/maven-core/3.8.6/maven-core-3.8.6.jar:/home/qxz4h3n/.m2/repository/org/apache/maven/maven-artifact/3.8.6/maven-artifact-3.8.6.jar:/home/qxz4h3n/.m2/repository/org/codehaus/plexus/plexus-component-annotations/2.1.0/plexus-component-annotations-2.1.0.jar:/home/qxz4h3n/.m2/repository/org/apache/maven/maven-plugin-api/3.8.6/maven-plugin-api-3.8.6.jar:/home/qxz4h3n/.m2/repository/org/apache/maven/maven-model/3.8.6/maven-model-3.8.6.jar:/home/qxz4h3n/.m2/repository/org/apache/maven/maven-model-builder/3.8.6/maven-model-builder-3.8.6.jar:/home/qxz4h3n/.m2/repository/org/apache/maven/maven-builder-support/3.8.6/maven-builder-support-3.8.6.jar:/home/qxz4h3n/.m2/repository/org/apache/maven/resolver/maven-resolver-api/1.6.3/maven-resolver-api-1.6.3.jar:/home/qxz4h3n/.m2/repository/org/apache/maven/resolver/maven-resolver-util/1.6.3/maven-resolver-util-1.6.3.jar:/home/qxz4h3n/.m2/repository/org/apache/maven/shared/maven-shared-utils/3.3.4/maven-shared-utils-3.3.4.jar:/home/qxz4h3n/.m2/repository/commons-io/commons-io/2.11.0/commons-io-2.11.0.jar:/home/qxz4h3n/.m2/repository/com/google/inject/guice/4.2.2/guice-4.2.2-no_aop.jar:/home/qxz4h3n/.m2/repository/com/google/guava/guava/31.1-jre/guava-31.1-jre.jar:/home/qxz4h3n/.m2/repository/com/google/guava/failureaccess/1.0.1/failureaccess-1.0.1.jar:/home/qxz4h3n/.m2/repository/org/codehaus/plexus/plexus-classworlds/2.6.0/plexus-classworlds-2.6.0.jar:/home/qxz4h3n/.m2/repository/org/codehaus/plexus/plexus-sec-dispatcher/2.0/plexus-sec-dispatcher-2.0.jar:/home/qxz4h3n/.m2/repository/org/codehaus/plexus/plexus-cipher/2.0/plexus-cipher-2.0.jar:/home/qxz4h3n/.m2/repository/commons-cli/commons-cli/1.4/commons-cli-1.4.jar:/home/qxz4h3n/.m2/repository/org/eclipse/sisu/org.eclipse.sisu.plexus/0.3.5/org.eclipse.sisu.plexus-0.3.5.jar:/home/qxz4h3n/.m2/repository/org/apache/maven/maven-settings-builder/3.8.6/maven-settings-builder-3.8.6.jar:/home/qxz4h3n/.m2/repository/org/codehaus/plexus/plexus-interpolation/1.26/plexus-interpolation-1.26.jar:/home/qxz4h3n/.m2/repository/org/apache/maven/maven-resolver-provider/3.8.6/maven-resolver-provider-3.8.6.jar:/home/qxz4h3n/.m2/repository/org/apache/maven/maven-repository-metadata/3.8.6/maven-repository-metadata-3.8.6.jar:/home/qxz4h3n/.m2/repository/org/apache/maven/resolver/maven-resolver-spi/1.6.3/maven-resolver-spi-1.6.3.jar:/home/qxz4h3n/.m2/repository/org/apache/maven/resolver/maven-resolver-impl/1.6.3/maven-resolver-impl-1.6.3.jar:/home/qxz4h3n/.m2/repository/org/codehaus/plexus/plexus-utils/3.3.0/plexus-utils-3.3.0.jar:/home/qxz4h3n/.m2/repository/org/apache/maven/resolver/maven-resolver-connector-basic/1.6.3/maven-resolver-connector-basic-1.6.3.jar:/home/qxz4h3n/.m2/repository/org/apache/maven/resolver/maven-resolver-transport-wagon/1.6.3/maven-resolver-transport-wagon-1.6.3.jar:/home/qxz4h3n/.m2/repository/org/apache/maven/wagon/wagon-http/3.5.1/wagon-http-3.5.1.jar:/home/qxz4h3n/.m2/repository/org/apache/maven/wagon/wagon-http-shared/3.5.1/wagon-http-shared-3.5.1.jar:/home/qxz4h3n/.m2/repository/org/apache/httpcomponents/httpclient/4.5.14/httpclient-4.5.14.jar:/home/qxz4h3n/.m2/repository/commons-codec/commons-codec/1.15/commons-codec-1.15.jar:/home/qxz4h3n/.m2/repository/org/apache/httpcomponents/httpcore/4.4.16/httpcore-4.4.16.jar:/home/qxz4h3n/.m2/repository/org/apache/maven/wagon/wagon-provider-api/3.5.1/wagon-provider-api-3.5.1.jar:/home/qxz4h3n/.m2/repository/org/apache/maven/wagon/wagon-file/3.5.1/wagon-file-3.5.1.jar:/home/qxz4h3n/.m2/repository/io/quarkus/quarkus-bootstrap-gradle-resolver/2.16.3.Final/quarkus-bootstrap-gradle-resolver-2.16.3.Final.jar:/home/qxz4h3n/.m2/repository/io/smallrye/jandex/3.0.5/jandex-3.0.5.jar:/home/qxz4h3n/.m2/repository/org/jboss/logging/commons-logging-jboss-logging/1.0.0.Final/commons-logging-jboss-logging-1.0.0.Final.jar:"/>
    <property name="sun.cpu.endian" value="little"/>
    <property name="user.home" value="/home/qxz4h3n"/>
    <property name="user.language" value="en"/>
    <property name="jboss.log-version" value="false"/>
    <property name="java.specification.vendor" value="Oracle Corporation"/>
    <property name="io.netty.allocator.maxOrder" value="3"/>
    <property name="java.version.date" value="2023-10-17"/>
    <property name="java.home" value="/home/qxz4h3n/dev/zulu11.68.17-ca-jdk11.0.21-linux_x64"/>
    <property name="file.separator" value="/"/>
    <property name="basedir" value="/home/qxz4h3n/dev/tutorials/code/quarkus-testcontainer-ci"/>
    <property name="java.vm.compressedOopsMode" value="Zero based"/>
    <property name="line.separator" value="&#10;"/>
    <property name="java.specification.name" value="Java Platform API Specification"/>
    <property name="java.vm.specification.vendor" value="Oracle Corporation"/>
    <property name="jdk.vendor.version" value="Zulu11.68+17-CA"/>
    <property name="java.awt.graphicsenv" value="sun.awt.X11GraphicsEnvironment"/>
    <property name="surefire.real.class.path" value="/home/qxz4h3n/dev/tutorials/code/quarkus-testcontainer-ci/target/surefire/surefirebooter-20231110144925348_3.jar"/>
    <property name="sun.management.compiler" value="HotSpot 64-Bit Tiered Compilers"/>
    <property name="java.runtime.version" value="11.0.21+9-LTS"/>
    <property name="user.name" value="qxz4h3n"/>
    <property name="path.separator" value=":"/>
    <property name="os.version" value="6.2.0-36-generic"/>
    <property name="java.runtime.name" value="OpenJDK Runtime Environment"/>
    <property name="file.encoding" value="UTF-8"/>
    <property name="jnidispatch.path" value="/home/qxz4h3n/.cache/JNA/temp/jna9383679096165032483.tmp"/>
    <property name="java.vm.name" value="OpenJDK 64-Bit Server VM"/>
    <property name="jna.platform.library.path" value="/usr/lib/x86_64-linux-gnu:/lib/x86_64-linux-gnu:/usr/lib64:/lib64:/usr/lib:/lib"/>
    <property name="java.vendor.version" value="Zulu11.68+17-CA"/>
    <property name="localRepository" value="/home/qxz4h3n/.m2/repository"/>
    <property name="jna.loaded" value="true"/>
    <property name="java.vendor.url.bug" value="http://www.azul.com/support/"/>
    <property name="java.io.tmpdir" value="/tmp"/>
    <property name="quarkus.log.file.path" value="target/quarkus.log"/>
    <property name="java.version" value="11.0.21"/>
    <property name="java.util.concurrent.ForkJoinPool.common.threadFactory" value="io.quarkus.bootstrap.forkjoin.QuarkusForkJoinWorkerThreadFactory"/>
    <property name="user.dir" value="/home/qxz4h3n/dev/tutorials/code/quarkus-testcontainer-ci"/>
    <property name="os.arch" value="amd64"/>
    <property name="java.vm.specification.name" value="Java Virtual Machine Specification"/>
    <property name="vertx.disableDnsResolver" value="true"/>
    <property name="java.awt.printerjob" value="sun.print.PSPrinterJob"/>
    <property name="sun.os.patch.level" value="unknown"/>
    <property name="java.util.logging.manager" value="org.jboss.logmanager.LogManager"/>
    <property name="java.library.path" value="/usr/java/packages/lib:/usr/lib64:/lib64:/lib:/usr/lib"/>
    <property name="java.vm.info" value="mixed mode"/>
    <property name="java.vendor" value="Azul Systems, Inc."/>
    <property name="vertx.disableTCCL" value="true"/>
    <property name="java.vm.version" value="11.0.21+9-LTS"/>
    <property name="java.specification.maintenance.version" value="2"/>
    <property name="sun.io.unicode.encoding" value="UnicodeLittle"/>
    <property name="io.netty.machineId" value="c5:85:26:2d:a7:a3:f1:7b"/>
    <property name="java.class.version" value="55.0"/>
  </properties>
  <testcase name="testUnderage" classname="org.acme.TestAgeRestriction" time="6.702">
    <system-out><![CDATA[2023-11-10 14:49:29,485 INFO  [org.tes.doc.DockerClientProviderStrategy] (build-35) Loaded org.testcontainers.dockerclient.UnixSocketClientProviderStrategy from ~/.testcontainers.properties, will try it first
2023-11-10 14:49:29,659 INFO  [io.qua.sma.dep.processor] (build-27) Generating Jackson serializer for type org.acme.Customer
2023-11-10 14:49:30,046 INFO  [org.tes.doc.DockerClientProviderStrategy] (build-35) Found Docker environment with local Unix socket (unix:///var/run/docker.sock)
2023-11-10 14:49:30,048 INFO  [org.tes.DockerClientFactory] (build-35) Docker host IP address is localhost
2023-11-10 14:49:30,077 INFO  [org.tes.DockerClientFactory] (build-35) Connected to docker: 
  Server Version: 24.0.7
  API Version: 1.43
  Operating System: Ubuntu 22.04.3 LTS
  Total Memory: 24503 MB
2023-11-10 14:49:30,095 INFO  [org.tes.uti.ImageNameSubstitutor] (build-35) Image name substitution will be performed by: DefaultImageNameSubstitutor (composite of 'ConfigurationFileImageNameSubstitutor' and 'PrefixingImageNameSubstitutor')
2023-11-10 14:49:30,097 INFO  [org.tes.DockerClientFactory] (build-35) Checking the system...
2023-11-10 14:49:30,098 INFO  [org.tes.DockerClientFactory] (build-35) ✔︎ Docker server version should be at least 1.6.0
2023-11-10 14:49:30,178 INFO  [🐳 .io/.3.4]] (build-35) Creating container for image: docker.io/vectorized/redpanda:v22.3.4
2023-11-10 14:49:30,184 INFO  [org.tes.uti.RegistryAuthLocator] (build-35) Failure when attempting to lookup auth config. Please ignore if you don't have images in an authenticated registry. Details: (dockerImageName: docker.io/vectorized/redpanda:v22.3.4, configFile: /home/qxz4h3n/.docker/config.json. Falling back to docker-java default behaviour. Exception message: /home/qxz4h3n/.docker/config.json (No such file or directory)
2023-11-10 14:49:30,199 INFO  [🐳 .3.4]] (build-35) Creating container for image: testcontainers/ryuk:0.3.4
2023-11-10 14:49:30,199 INFO  [org.tes.uti.RegistryAuthLocator] (build-35) Failure when attempting to lookup auth config. Please ignore if you don't have images in an authenticated registry. Details: (dockerImageName: testcontainers/ryuk:0.3.4, configFile: /home/qxz4h3n/.docker/config.json. Falling back to docker-java default behaviour. Exception message: /home/qxz4h3n/.docker/config.json (No such file or directory)
2023-11-10 14:49:30,313 INFO  [🐳 .3.4]] (build-35) Container testcontainers/ryuk:0.3.4 is starting: 4f84364307cf17aac015bf83d3223a124bef005d10689f05579ec1c77608c1d1
2023-11-10 14:49:30,753 INFO  [🐳 .3.4]] (build-35) Container testcontainers/ryuk:0.3.4 started in PT0.5581S
2023-11-10 14:49:30,933 INFO  [🐳 .io/.3.4]] (build-35) Container docker.io/vectorized/redpanda:v22.3.4 is starting: 57f6c1e7c88e009fca4a101dedde292441f7796aea1d87f2fea6693bd94a348e
2023-11-10 14:49:32,155 INFO  [🐳 .io/.3.4]] (build-35) Container docker.io/vectorized/redpanda:v22.3.4 started in PT2.049073S
2023-11-10 14:49:32,159 INFO  [io.qua.kaf.cli.dep.DevServicesKafkaProcessor] (build-35) Dev Services for Kafka started. Other Quarkus applications in dev mode will find the broker automatically. For Quarkus applications in production mode, you can connect to this by starting your application with -Dkafka.bootstrap.servers=OUTSIDE://localhost:32851
2023-11-10 14:49:32,369 INFO  [org.tes.uti.ImageNameSubstitutor] (main) Image name substitution will be performed by: DefaultImageNameSubstitutor (composite of 'ConfigurationFileImageNameSubstitutor' and 'PrefixingImageNameSubstitutor')
2023-11-10 14:49:32,391 INFO  [org.tes.doc.DockerClientProviderStrategy] (pool-3-thread-1) Loaded org.testcontainers.dockerclient.UnixSocketClientProviderStrategy from ~/.testcontainers.properties, will try it first
2023-11-10 14:49:32,718 INFO  [org.tes.doc.DockerClientProviderStrategy] (pool-3-thread-1) Found Docker environment with local Unix socket (unix:///var/run/docker.sock)
2023-11-10 14:49:32,719 INFO  [org.tes.DockerClientFactory] (pool-3-thread-1) Docker host IP address is localhost
2023-11-10 14:49:32,736 INFO  [org.tes.DockerClientFactory] (pool-3-thread-1) Connected to docker: 
  Server Version: 24.0.7
  API Version: 1.43
  Operating System: Ubuntu 22.04.3 LTS
  Total Memory: 24503 MB
2023-11-10 14:49:32,759 INFO  [🐳 .3.4]] (pool-3-thread-1) Creating container for image: testcontainers/ryuk:0.3.4
2023-11-10 14:49:32,777 INFO  [org.tes.uti.RegistryAuthLocator] (pool-3-thread-1) Failure when attempting to lookup auth config. Please ignore if you don't have images in an authenticated registry. Details: (dockerImageName: testcontainers/ryuk:0.3.4, configFile: /home/qxz4h3n/.docker/config.json. Falling back to docker-java default behaviour. Exception message: /home/qxz4h3n/.docker/config.json (No such file or directory)
2023-11-10 14:49:32,896 INFO  [🐳 .3.4]] (pool-3-thread-1) Container testcontainers/ryuk:0.3.4 is starting: 80ff435f8968b7596ec9f6f5afcf4873bed6fb395eb007b9ab94c4f81ea7993d
2023-11-10 14:49:33,332 INFO  [🐳 .3.4]] (pool-3-thread-1) Container testcontainers/ryuk:0.3.4 started in PT0.59191S
2023-11-10 14:49:33,338 INFO  [org.tes.uti.RyukResourceReaper] (pool-3-thread-1) Ryuk started - will monitor and terminate Testcontainers containers on JVM exit
2023-11-10 14:49:33,339 INFO  [org.tes.DockerClientFactory] (pool-3-thread-1) Checking the system...
2023-11-10 14:49:33,339 INFO  [org.tes.DockerClientFactory] (pool-3-thread-1) ✔︎ Docker server version should be at least 1.6.0
2023-11-10 14:49:33,339 INFO  [🐳 .red.com/redpandadata/redpanda:latest]] (pool-3-thread-1) Creating container for image: docker.redpanda.com/redpandadata/redpanda:latest
2023-11-10 14:49:33,340 INFO  [org.tes.uti.RegistryAuthLocator] (pool-3-thread-1) Failure when attempting to lookup auth config. Please ignore if you don't have images in an authenticated registry. Details: (dockerImageName: docker.redpanda.com/redpandadata/redpanda:latest, configFile: /home/qxz4h3n/.docker/config.json. Falling back to docker-java default behaviour. Exception message: /home/qxz4h3n/.docker/config.json (No such file or directory)
2023-11-10 14:49:33,370 INFO  [🐳 .red.com/redpandadata/redpanda:latest]] (pool-3-thread-1) Container docker.redpanda.com/redpandadata/redpanda:latest is starting: 6819c09428aea02146774335bad1ebaba814284a836fcc1c151bc3c7b854de44
2023-11-10 14:49:34,441 INFO  [🐳 .red.com/redpandadata/redpanda:latest]] (pool-3-thread-1) Container docker.redpanda.com/redpandadata/redpanda:latest started in PT1.102365S
2023-11-10 14:49:34,775 INFO  [io.sma.rea.mes.kafka] (main) SRMSG18229: Configured topics for channel 'customers': [customers]
2023-11-10 14:49:35,077 INFO  [io.sma.rea.mes.kafka] (main) SRMSG18229: Configured topics for channel 'underagein': [underage]
2023-11-10 14:49:35,082 INFO  [io.sma.rea.mes.kafka] (main) SRMSG18214: Key deserializer omitted, using String as default
2023-11-10 14:49:35,126 INFO  [io.sma.rea.mes.kafka] (smallrye-kafka-producer-thread-0) SRMSG18258: Kafka producer kafka-producer-customers-queue, connected to Kafka brokers 'PLAINTEXT://localhost:32853', is configured to write records to 'customers'
2023-11-10 14:49:35,143 INFO  [io.sma.rea.mes.kafka] (smallrye-kafka-producer-thread-1) SRMSG18258: Kafka producer kafka-producer-underage, connected to Kafka brokers 'PLAINTEXT://localhost:32853', is configured to write records to 'underage'
2023-11-10 14:49:35,155 WARN  [io.sma.rea.mes.provider] (main) SRMSG00207: Some components are not connected to either downstream consumers or upstream producers:
	- OutgoingConnector{channel:'customers-queue', attribute:'mp.messaging.outgoing.customers-queue'} has no upstream

2023-11-10 14:49:35,186 INFO  [io.sma.rea.mes.kafka] (smallrye-kafka-consumer-thread-0) SRMSG18257: Kafka consumer kafka-consumer-customers, connected to Kafka brokers 'PLAINTEXT://localhost:32853', belongs to the 'redpanda-test' consumer group and is configured to poll records from [customers]
2023-11-10 14:49:35,187 INFO  [io.quarkus] (main) redpanda-test 1.0.0-SNAPSHOT on JVM (powered by Quarkus 2.16.3.Final) started in 7.074s. 
2023-11-10 14:49:35,188 INFO  [io.quarkus] (main) Profile test activated. 
2023-11-10 14:49:35,188 INFO  [io.quarkus] (main) Installed features: [cdi, kafka-client, smallrye-context-propagation, smallrye-reactive-messaging, smallrye-reactive-messaging-kafka, vertx]
2023-11-10 14:49:35,188 INFO  [io.sma.rea.mes.kafka] (smallrye-kafka-consumer-thread-1) SRMSG18257: Kafka consumer kafka-consumer-underagein, connected to Kafka brokers 'PLAINTEXT://localhost:32853', belongs to the 'redpanda-test' consumer group and is configured to poll records from [underage]
2023-11-10 14:49:35,686 INFO  [org.acm.AgeRestrict] (main) Sending customer records
2023-11-10 14:49:40,742 INFO  [org.acm.AgeRestrict] (main) Consuming underage  customer records.....
2023-11-10 14:49:41,758 INFO  [org.acm.AgeRestrict] (main) Retry fetch:[0] expected record:[2]: retry:[1]
2023-11-10 14:49:41,841 INFO  [io.sma.rea.mes.kafka] (vert.x-eventloop-thread-0) SRMSG18256: Initialize record store for topic-partition 'customers-0' at position -1.
2023-11-10 14:49:41,864 INFO  [org.acm.AgeRestrict] (vert.x-eventloop-thread-0) Filtering a customer: Customer --> id:[101] name:[Abby] age:[17]
2023-11-10 14:49:41,879 INFO  [org.acm.AgeRestrict] (vert.x-eventloop-thread-0) Filtering a customer: Customer --> id:[202] name:[Brooke] age:[33]
2023-11-10 14:49:41,886 INFO  [org.acm.AgeRestrict] (vert.x-eventloop-thread-0) Filtering a customer: Customer --> id:[303] name:[Crystal] age:[31]
2023-11-10 14:49:41,886 INFO  [org.acm.AgeRestrict] (vert.x-eventloop-thread-0) Filtering a customer: Customer --> id:[404] name:[Diana] age:[29]
2023-11-10 14:49:41,887 INFO  [org.acm.AgeRestrict] (vert.x-eventloop-thread-0) Filtering a customer: Customer --> id:[505] name:[Ellis] age:[14]
2023-11-10 14:49:41,888 INFO  [org.acm.AgeRestrict] (vert.x-eventloop-thread-0) Filtering a customer: Customer --> id:[606] name:[Fiona] age:[33]
2023-11-10 14:49:41,889 INFO  [org.acm.AgeRestrict] (vert.x-eventloop-thread-0) Filtering a customer: Customer --> id:[707] name:[Gabby] age:[32]
2023-11-10 14:49:41,889 INFO  [org.acm.AgeRestrict] (vert.x-eventloop-thread-0) Filtering a customer: Customer --> id:[808] name:[Hannah] age:[29]
2023-11-10 14:49:41,889 INFO  [org.acm.AgeRestrict] (main) Retry fetch:[1] expected record:[2]: retry:[2]
2023-11-10 14:49:41,890 INFO  [org.acm.AgeRestrict] (main) Retry fetch:[2] expected record:[2]: retry:[3]
2023-11-10 14:49:41,891 INFO  [org.acm.AgeRestrict] (main) Underage consumed records:2
2023-11-10 14:49:41,891 INFO  [org.acm.AgeRestrict] (main) --->Customer --> id:[101] name:[Abby] age:[17]
2023-11-10 14:49:41,891 INFO  [org.acm.AgeRestrict] (main) --->Customer --> id:[505] name:[Ellis] age:[14]
2023-11-10 14:49:41,899 INFO  [io.sma.rea.mes.kafka] (vert.x-eventloop-thread-1) SRMSG18256: Initialize record store for topic-partition 'underage-0' at position -1.
2023-11-10 14:49:41,899 INFO  [org.acm.AgeRestrict] (vert.x-eventloop-thread-1) !!Got an underage customer: Customer --> id:[101] name:[Abby] age:[17]
2023-11-10 14:49:41,900 INFO  [org.acm.AgeRestrict] (vert.x-eventloop-thread-1) !!Got an underage customer: Customer --> id:[505] name:[Ellis] age:[14]
]]></system-out>
  </testcase>
</testsuite>